<?xml version="1.0" encoding="UTF-8"?>
<!-- Generated by org.testng.reporters.JUnitReportReporter -->
<testsuite skipped="0" hostname="ShaliniSingh-ThinkPad-E460" name="online.testcases.com.Personaluseraccount" tests="3" failures="0" timestamp="18 May 2018 07:01:27 GMT" time="20.171" errors="0">
  <testcase name="navigateOnSignupPage" time="6.719" classname="online.testcases.com.Personaluseraccount"/>
  <testcase name="verifySingupMandatoryFields" time="3.178" classname="online.testcases.com.Personaluseraccount"/>
  <testcase name="signupWithPersonalAccountInMoglixApp" time="10.274" classname="online.testcases.com.Personaluseraccount"/>
</testsuite> <!-- online.testcases.com.Personaluseraccount -->
