<?xml version="1.0" encoding="UTF-8"?>
<!-- Generated by org.testng.reporters.JUnitReportReporter -->
<testsuite skipped="2" hostname="ShaliniSingh-ThinkPad-E460" name="online.testcases.com.PlacedOrderd" tests="2" failures="0" timestamp="21 May 2018 08:00:17 GMT" time="0.000" errors="0">
  <testcase name="SelectProduct" time="0.000" classname="online.testcases.com.PlacedOrderd">
    <skipped/>
  </testcase> <!-- SelectProduct -->
  <testcase name="validLogin" time="0.000" classname="online.testcases.com.PlacedOrderd">
    <skipped/>
  </testcase> <!-- validLogin -->
</testsuite> <!-- online.testcases.com.PlacedOrderd -->
