<?xml version="1.0" encoding="UTF-8"?>
<!-- Generated by org.testng.reporters.JUnitReportReporter -->
<testsuite skipped="0" hostname="ShaliniSingh-ThinkPad-E460" name="online.testcases.com.BusinessAccount" tests="4" failures="0" timestamp="21 May 2018 11:53:25 GMT" time="67.612" errors="0">
  <testcase name="navigateToCreateBusinessAccountPage" time="25.562" classname="online.testcases.com.BusinessAccount"/>
  <testcase name="verifyMandatoryfieldBusinessAccountPage" time="12.276" classname="online.testcases.com.BusinessAccount"/>
  <testcase name="signUpwithBusinessAccountInMoglixApp" time="29.158" classname="online.testcases.com.BusinessAccount"/>
  <testcase name="navigateOnSignupPage" time="0.616" classname="online.testcases.com.BusinessAccount"/>
</testsuite> <!-- online.testcases.com.BusinessAccount -->
