<?xml version="1.0" encoding="UTF-8"?>
<!-- Generated by org.testng.reporters.JUnitReportReporter -->
<testsuite skipped="0" hostname="ShaliniSingh-ThinkPad-E460" name="online.testcases.com.RequestQuoteProcess" tests="2" failures="0" timestamp="17 May 2018 13:09:41 GMT" time="38.315" errors="0">
  <testcase name="NavigatedToRFQPage" time="22.425" classname="online.testcases.com.RequestQuoteProcess"/>
  <testcase name="ApplyBulkOrderRequestForm" time="15.890" classname="online.testcases.com.RequestQuoteProcess"/>
</testsuite> <!-- online.testcases.com.RequestQuoteProcess -->
