<?xml version="1.0" encoding="UTF-8"?>
<!-- Generated by org.testng.reporters.JUnitReportReporter -->
<testsuite skipped="0" hostname="ShaliniSingh-ThinkPad-E460" name="online.testcases.com.ProductPurchase" tests="5" failures="0" timestamp="27 Apr 2018 05:25:09 GMT" time="53.108" errors="0">
  <testcase name="validLogin" time="7.561" classname="online.testcases.com.ProductPurchase"/>
  <testcase name="orderProduct" time="22.303" classname="online.testcases.com.ProductPurchase"/>
  <testcase name="OpenCartItem" time="3.234" classname="online.testcases.com.ProductPurchase"/>
  <testcase name="addShippingAddress" time="10.544" classname="online.testcases.com.ProductPurchase"/>
  <testcase name="proceedOrder" time="9.466" classname="online.testcases.com.ProductPurchase"/>
</testsuite> <!-- online.testcases.com.ProductPurchase -->
