<?xml version="1.0" encoding="UTF-8"?>
<!-- Generated by org.testng.reporters.JUnitReportReporter -->
<testsuite skipped="0" hostname="ShaliniSingh-ThinkPad-E460" name="online.appmethods.com.testing" tests="1" failures="0" timestamp="03 May 2018 07:23:54 GMT" time="63.882" errors="0">
  <testcase name="testapp" time="63.882" classname="online.appmethods.com.testing"/>
</testsuite> <!-- online.appmethods.com.testing -->
