<?xml version="1.0" encoding="UTF-8"?>
<!-- Generated by org.testng.reporters.JUnitReportReporter -->
<testsuite skipped="0" hostname="ShaliniSingh-ThinkPad-E460" name="online.testcases.com.PlacedOrderd" tests="5" failures="0" timestamp="18 May 2018 12:09:00 GMT" time="102.204" errors="0">
  <testcase name="validLogin" time="7.739" classname="online.testcases.com.PlacedOrderd"/>
  <testcase name="addShippingAddress" time="21.702" classname="online.testcases.com.PlacedOrderd"/>
  <testcase name="OrderCategoryProduct" time="44.513" classname="online.testcases.com.PlacedOrderd"/>
  <testcase name="AddProductIntoCart" time="15.489" classname="online.testcases.com.PlacedOrderd"/>
  <testcase name="proceedOrdertoPayment" time="12.761" classname="online.testcases.com.PlacedOrderd"/>
</testsuite> <!-- online.testcases.com.PlacedOrderd -->
