<?xml version="1.0" encoding="UTF-8"?>
<!-- Generated by org.testng.reporters.JUnitReportReporter -->
<testsuite skipped="0" hostname="ShaliniSingh-ThinkPad-E460" name="online.testcases.com.BusinessAccount" tests="4" failures="0" timestamp="18 May 2018 07:06:10 GMT" time="14.093" errors="0">
  <testcase name="verifyMandatoryfieldBusinessAccountPage" time="3.867" classname="online.testcases.com.BusinessAccount"/>
  <testcase name="navigateOnSignupPage" time="0.698" classname="online.testcases.com.BusinessAccount"/>
  <testcase name="signUpwithBusinessAccountInMoglixApp" time="8.065" classname="online.testcases.com.BusinessAccount"/>
  <testcase name="navigateToCreateBusinessAccountPage" time="1.463" classname="online.testcases.com.BusinessAccount"/>
</testsuite> <!-- online.testcases.com.BusinessAccount -->
