<?xml version="1.0" encoding="UTF-8"?>
<!-- Generated by org.testng.reporters.JUnitReportReporter -->
<testsuite skipped="0" hostname="ShaliniSingh-ThinkPad-E460" name="online.testcases.com.RFQProcess" tests="2" failures="0" timestamp="21 May 2018 11:53:25 GMT" time="38.847" errors="0">
  <testcase name="navigateToRFQPage" time="11.082" classname="online.testcases.com.RFQProcess"/>
  <testcase name="bulkOrderQuerywithOnlineUser" time="27.765" classname="online.testcases.com.RFQProcess"/>
</testsuite> <!-- online.testcases.com.RFQProcess -->
