<?xml version="1.0" encoding="UTF-8"?>
<!-- Generated by org.testng.reporters.JUnitReportReporter -->
<testsuite skipped="0" hostname="ShaliniSingh-ThinkPad-E460" name="online.testcases.com.RFQProcess" tests="2" failures="0" timestamp="17 May 2018 10:20:37 GMT" time="50.453" errors="0">
  <testcase name="bulkOrderQuerywithBusinessUser" time="37.579" classname="online.testcases.com.RFQProcess"/>
  <testcase name="navigateToRFQPagewithBusinessUser" time="12.874" classname="online.testcases.com.RFQProcess"/>
</testsuite> <!-- online.testcases.com.RFQProcess -->
