<?xml version="1.0" encoding="UTF-8"?>
<!-- Generated by org.testng.reporters.JUnitReportReporter -->
<testsuite skipped="0" hostname="ShaliniSingh-ThinkPad-E460" name="online.testcases.com.BusinessAccount" tests="4" failures="0" timestamp="27 Apr 2018 09:08:42 GMT" time="13.756" errors="0">
  <testcase name="navigateOnSignupPage" time="0.819" classname="online.testcases.com.BusinessAccount"/>
  <testcase name="verifyMandatoryfieldBusinessAccountPage" time="3.393" classname="online.testcases.com.BusinessAccount"/>
  <testcase name="signUpwithBusinessAccountInMoglixApp" time="8.306" classname="online.testcases.com.BusinessAccount"/>
  <testcase name="navigateToCreateBusinessAccountPage" time="1.238" classname="online.testcases.com.BusinessAccount"/>
</testsuite> <!-- online.testcases.com.BusinessAccount -->
