<?xml version="1.0" encoding="UTF-8"?>
<!-- Generated by org.testng.reporters.JUnitReportReporter -->
<testsuite skipped="0" hostname="ShaliniSingh-ThinkPad-E460" name="online.testReportMailConfiguration.com.Mailconfiguration" tests="1" failures="0" timestamp="18 May 2018 10:11:05 GMT" time="0.273" errors="0">
  <testcase name="sendmail" time="0.273" classname="online.testReportMailConfiguration.com.Mailconfiguration"/>
</testsuite> <!-- online.testReportMailConfiguration.com.Mailconfiguration -->
