<?xml version="1.0" encoding="UTF-8"?>
<!-- Generated by org.testng.reporters.JUnitReportReporter -->
<testsuite skipped="3" hostname="ShaliniSingh-ThinkPad-E460" name="online.testcases.com.RFQProcess" tests="4" failures="0" timestamp="18 May 2018 13:12:03 GMT" time="10.987" errors="0">
  <testcase name="navigateToRFQPage" time="10.987" classname="online.testcases.com.RFQProcess"/>
  <testcase name="bulkOrderQuerywithBusinessUser" classname="online.testcases.com.RFQProcess">
    <skipped/>
  </testcase> <!-- bulkOrderQuerywithBusinessUser -->
  <testcase name="navigateToRFQPagewithBusinessUser" classname="online.testcases.com.RFQProcess">
    <skipped/>
  </testcase> <!-- navigateToRFQPagewithBusinessUser -->
  <testcase name="bulkOrderQuerywithOnlineUser" classname="online.testcases.com.RFQProcess">
    <skipped/>
  </testcase> <!-- bulkOrderQuerywithOnlineUser -->
</testsuite> <!-- online.testcases.com.RFQProcess -->
