<?xml version="1.0" encoding="UTF-8"?>
<!-- Generated by org.testng.reporters.JUnitReportReporter -->
<testsuite skipped="0" hostname="ShaliniSingh-ThinkPad-E460" name="online.testcases.com.LoginModule" tests="3" failures="0" timestamp="27 Apr 2018 09:05:13 GMT" time="2.168" errors="0">
  <testcase name="navigateOnSignupPage" time="0.823" classname="online.testcases.com.LoginModule"/>
  <testcase name="signupWithPersonalAccountInMoglixApp" time="1.165" classname="online.testcases.com.LoginModule"/>
  <testcase name="verifySingupMandatoryFields" time="0.180" classname="online.testcases.com.LoginModule"/>
</testsuite> <!-- online.testcases.com.LoginModule -->
