<?xml version="1.0" encoding="UTF-8"?>
<!-- Generated by org.testng.reporters.JUnitReportReporter -->
<testsuite skipped="0" hostname="ShaliniSingh-ThinkPad-E460" name="online.appmethods.com.testing" tests="1" failures="0" timestamp="17 May 2018 06:52:29 GMT" time="26.978" errors="0">
  <testcase name="testapp" time="26.978" classname="online.appmethods.com.testing"/>
</testsuite> <!-- online.appmethods.com.testing -->
