<?xml version="1.0" encoding="UTF-8"?>
<!-- Generated by org.testng.reporters.JUnitReportReporter -->
<testsuite skipped="0" hostname="ShaliniSingh-ThinkPad-E460" name="online.testcases.com.RequestQuoteProcess" tests="2" failures="0" timestamp="21 May 2018 11:53:25 GMT" time="38.117" errors="0">
  <testcase name="ApplyBulkOrderRequestForm" time="15.701" classname="online.testcases.com.RequestQuoteProcess"/>
  <testcase name="NavigatedToRFQPage" time="22.416" classname="online.testcases.com.RequestQuoteProcess"/>
</testsuite> <!-- online.testcases.com.RequestQuoteProcess -->
