<?xml version="1.0" encoding="UTF-8"?>
<!-- Generated by org.testng.reporters.JUnitReportReporter -->
<testsuite skipped="2" hostname="ShaliniSingh-ThinkPad-E460" name="online.testcases.com.RFQProcess" tests="4" failures="0" timestamp="16 May 2018 13:04:08 GMT" time="47.256" errors="0">
  <testcase name="navigateToRFQPagewithBusinessUser" time="12.335" classname="online.testcases.com.RFQProcess"/>
  <testcase name="bulkOrderQuerywithBusinessUser" time="34.921" classname="online.testcases.com.RFQProcess"/>
  <testcase name="navigateToRFQPage" classname="online.testcases.com.RFQProcess">
    <skipped/>
  </testcase> <!-- navigateToRFQPage -->
  <testcase name="bulkOrderQuerywithOnlineUser" classname="online.testcases.com.RFQProcess">
    <skipped/>
  </testcase> <!-- bulkOrderQuerywithOnlineUser -->
</testsuite> <!-- online.testcases.com.RFQProcess -->
