<?xml version="1.0" encoding="UTF-8"?>
<!-- Generated by org.testng.reporters.JUnitReportReporter -->
<testsuite skipped="2" hostname="ShaliniSingh-ThinkPad-E460" name="online.testcase.com.LoginModule" tests="5" failures="0" timestamp="25 Apr 2018 06:32:15 GMT" time="4.296" errors="0">
  <testcase name="navigateOnSignupPage" time="0.730" classname="online.testcase.com.LoginModule"/>
  <testcase name="CreateBusinessAccount" time="3.108" classname="online.testcase.com.LoginModule"/>
  <testcase name="verifySingupMandatoryFields" time="0.458" classname="online.testcase.com.LoginModule"/>
  <testcase name="signupinMoglixApp" classname="online.testcase.com.LoginModule">
    <skipped/>
  </testcase> <!-- signupinMoglixApp -->
  <testcase name="validLogin" classname="online.testcase.com.LoginModule">
    <skipped/>
  </testcase> <!-- validLogin -->
</testsuite> <!-- online.testcase.com.LoginModule -->
