<?xml version="1.0" encoding="UTF-8"?>
<!-- Generated by org.testng.reporters.JUnitReportReporter -->
<testsuite skipped="0" hostname="ShaliniSingh-ThinkPad-E460" name="online.testcases.com.RFQProcess" tests="4" failures="0" timestamp="18 May 2018 12:09:00 GMT" time="87.815" errors="0">
  <testcase name="navigateToRFQPagewithBusinessUser" time="11.127" classname="online.testcases.com.RFQProcess"/>
  <testcase name="bulkOrderQuerywithBusinessUser" time="37.553" classname="online.testcases.com.RFQProcess"/>
  <testcase name="bulkOrderQuerywithOnlineUser" time="27.811" classname="online.testcases.com.RFQProcess"/>
  <testcase name="navigateToRFQPage" time="11.324" classname="online.testcases.com.RFQProcess"/>
</testsuite> <!-- online.testcases.com.RFQProcess -->
