<?xml version="1.0" encoding="UTF-8"?>
<!-- Generated by org.testng.reporters.JUnitReportReporter -->
<testsuite skipped="0" hostname="ShaliniSingh-ThinkPad-E460" name="online.testcases.com.PlacedOrderd" tests="2" failures="0" timestamp="17 May 2018 13:09:41 GMT" time="21.123" errors="0">
  <testcase name="validLogin" time="8.885" classname="online.testcases.com.PlacedOrderd"/>
  <testcase name="SelectProduct" time="12.238" classname="online.testcases.com.PlacedOrderd"/>
</testsuite> <!-- online.testcases.com.PlacedOrderd -->
