<?xml version="1.0" encoding="UTF-8"?>
<!-- Generated by org.testng.reporters.JUnitReportReporter -->
<testsuite skipped="0" hostname="ShaliniSingh-ThinkPad-E460" name="online.testcases.com.RequestQuoteProcess" tests="2" failures="0" timestamp="18 May 2018 05:20:11 GMT" time="38.226" errors="0">
  <testcase name="ApplyBulkOrderRequestForm" time="15.911" classname="online.testcases.com.RequestQuoteProcess"/>
  <testcase name="NavigatedToRFQPage" time="22.315" classname="online.testcases.com.RequestQuoteProcess"/>
</testsuite> <!-- online.testcases.com.RequestQuoteProcess -->
